This is pdfTeX, Version 3.14159265-2.6-1.40.17 (TeX Live 2016) (preloaded format=pdflatex 2016.5.22)  18 NOV 2016 10:00
entering extended mode
 restricted \write18 enabled.
 %&-line parsing enabled.
**master.tex
(./master.tex
LaTeX2e <2016/03/31>
Babel <3.9r> and hyphenation patterns for 83 language(s) loaded.
(./scu-thesis.cls
Document Class: scu-thesis 2013/10/01 SCU Thesis class
(/usr/local/texlive/2016/texmf-dist/tex/latex/base/report.cls
Document Class: report 2014/09/29 v1.4h Standard LaTeX document class
(/usr/local/texlive/2016/texmf-dist/tex/latex/base/size10.clo
File: size10.clo 2014/09/29 v1.4h Standard LaTeX file (size option)
)
\c@part=\count79
\c@chapter=\count80
\c@section=\count81
\c@subsection=\count82
\c@subsubsection=\count83
\c@paragraph=\count84
\c@subparagraph=\count85
\c@figure=\count86
\c@table=\count87
\abovecaptionskip=\skip41
\belowcaptionskip=\skip42
\bibindent=\dimen102
)
(/usr/local/texlive/2016/texmf-dist/tex/latex/setspace/setspace.sty
Package: setspace 2011/12/19 v6.7a set line spacing
)
\@margintop=\skip43
\@marginbottom=\skip44
\@marginleft=\skip45
\@marginright=\skip46
\@bindingoffset=\skip47
\c@@authorcount=\count88
\c@@degreecount=\count89
\c@@departmentcount=\count90
\c@@itemcount=\count91
)
(/usr/local/texlive/2016/texmf-dist/tex/latex/vmargin/vmargin.sty
Package: vmargin 2004/07/15 V2.5 set document margins (VK)

Package: vmargin 2004/07/15 V2.5 set document margins (VK)
\PaperWidth=\dimen103
\PaperHeight=\dimen104
) (/usr/local/texlive/2016/texmf-dist/tex/latex/tools/multicol.sty
Package: multicol 2016/04/07 v1.8p multicolumn formatting (FMi)
\c@tracingmulticols=\count92
\mult@box=\box26
\multicol@leftmargin=\dimen105
\c@unbalance=\count93
\c@collectmore=\count94
\doublecol@number=\count95
\multicoltolerance=\count96
\multicolpretolerance=\count97
\full@width=\dimen106
\page@free=\dimen107
\premulticols=\dimen108
\postmulticols=\dimen109
\multicolsep=\skip48
\multicolbaselineskip=\skip49
\partial@page=\box27
\last@line=\box28
\maxbalancingoverflow=\dimen110
\mult@rightbox=\box29
\mult@grightbox=\box30
\mult@gfirstbox=\box31
\mult@firstbox=\box32
\@tempa=\box33
\@tempa=\box34
\@tempa=\box35
\@tempa=\box36
\@tempa=\box37
\@tempa=\box38
\@tempa=\box39
\@tempa=\box40
\@tempa=\box41
\@tempa=\box42
\@tempa=\box43
\@tempa=\box44
\@tempa=\box45
\@tempa=\box46
\@tempa=\box47
\@tempa=\box48
\@tempa=\box49
\c@columnbadness=\count98
\c@finalcolumnbadness=\count99
\last@try=\dimen111
\multicolovershoot=\dimen112
\multicolundershoot=\dimen113
\mult@nat@firstbox=\box50
\colbreak@box=\box51
\mc@col@check@num=\count100
)
(/usr/local/texlive/2016/texmf-dist/tex/latex/graphics/graphicx.sty
Package: graphicx 2014/10/28 v1.0g Enhanced LaTeX Graphics (DPC,SPQR)

(/usr/local/texlive/2016/texmf-dist/tex/latex/graphics/keyval.sty
Package: keyval 2014/10/28 v1.15 key=value parser (DPC)
\KV@toks@=\toks14
)
(/usr/local/texlive/2016/texmf-dist/tex/latex/graphics/graphics.sty
Package: graphics 2016/05/09 v1.0r Standard LaTeX Graphics (DPC,SPQR)

(/usr/local/texlive/2016/texmf-dist/tex/latex/graphics/trig.sty
Package: trig 2016/01/03 v1.10 sin cos tan (DPC)
)
(/usr/local/texlive/2016/texmf-dist/tex/latex/graphics-cfg/graphics.cfg
File: graphics.cfg 2016/01/02 v1.10 sample graphics configuration
)
Package graphics Info: Driver file: pdftex.def on input line 96.

(/usr/local/texlive/2016/texmf-dist/tex/latex/pdftex-def/pdftex.def
File: pdftex.def 2011/05/27 v0.06d Graphics/color for pdfTeX

(/usr/local/texlive/2016/texmf-dist/tex/generic/oberdiek/infwarerr.sty
Package: infwarerr 2016/05/16 v1.4 Providing info/warning/error messages (HO)
)
(/usr/local/texlive/2016/texmf-dist/tex/generic/oberdiek/ltxcmds.sty
Package: ltxcmds 2016/05/16 v1.23 LaTeX kernel commands for general use (HO)
)
\Gread@gobject=\count101
))
\Gin@req@height=\dimen114
\Gin@req@width=\dimen115
)
(./master.aux (./abstract.aux) (./introduction.aux) (./requirements.aux)
(./useCases.aux) (./activityDiagrams.aux) (./technologiesUsed.aux)
(./architectualDiagrams.aux) (./designRationale.aux) (./testPlan.aux)
(./riskAnalysis.aux) (./developmentTimeline.aux

LaTeX Warning: Label `fig:useCase' multiply defined.

))
\openout1 = `master.aux'.

LaTeX Font Info:    Checking defaults for OML/cmm/m/it on input line 32.
LaTeX Font Info:    ... okay on input line 32.
LaTeX Font Info:    Checking defaults for T1/cmr/m/n on input line 32.
LaTeX Font Info:    ... okay on input line 32.
LaTeX Font Info:    Checking defaults for OT1/cmr/m/n on input line 32.
LaTeX Font Info:    ... okay on input line 32.
LaTeX Font Info:    Checking defaults for OMS/cmsy/m/n on input line 32.
LaTeX Font Info:    ... okay on input line 32.
LaTeX Font Info:    Checking defaults for OMX/cmex/m/n on input line 32.
LaTeX Font Info:    ... okay on input line 32.
LaTeX Font Info:    Checking defaults for U/cmr/m/n on input line 32.
LaTeX Font Info:    ... okay on input line 32.
 (/usr/local/texlive/2016/texmf-dist/tex/context/base/mkii/supp-pdf.mkii
[Loading MPS to PDF converter (version 2006.09.02).]
\scratchcounter=\count102
\scratchdimen=\dimen116
\scratchbox=\box52
\nofMPsegments=\count103
\nofMParguments=\count104
\everyMPshowfont=\toks15
\MPscratchCnt=\count105
\MPscratchDim=\dimen117
\MPnumerator=\count106
\makeMPintoPDFobject=\count107
\everyMPtoPDFconversion=\toks16
) (/usr/local/texlive/2016/texmf-dist/tex/generic/oberdiek/pdftexcmds.sty
Package: pdftexcmds 2016/05/10 v0.21 Utility functions of pdfTeX for LuaTeX (HO
)

(/usr/local/texlive/2016/texmf-dist/tex/generic/oberdiek/ifluatex.sty
Package: ifluatex 2016/05/16 v1.4 Provides the ifluatex switch (HO)
Package ifluatex Info: LuaTeX not detected.
)
(/usr/local/texlive/2016/texmf-dist/tex/generic/oberdiek/ifpdf.sty
Package: ifpdf 2016/05/14 v3.1 Provides the ifpdf switch
)
Package pdftexcmds Info: LuaTeX not detected.
Package pdftexcmds Info: \pdf@primitive is available.
Package pdftexcmds Info: \pdf@ifprimitive is available.
Package pdftexcmds Info: \pdfdraftmode found.
)
(/usr/local/texlive/2016/texmf-dist/tex/latex/oberdiek/epstopdf-base.sty
Package: epstopdf-base 2016/05/15 v2.6 Base part for package epstopdf

(/usr/local/texlive/2016/texmf-dist/tex/latex/oberdiek/grfext.sty
Package: grfext 2016/05/16 v1.2 Manage graphics extensions (HO)

(/usr/local/texlive/2016/texmf-dist/tex/generic/oberdiek/kvdefinekeys.sty
Package: kvdefinekeys 2016/05/16 v1.4 Define keys (HO)
))
(/usr/local/texlive/2016/texmf-dist/tex/latex/oberdiek/kvoptions.sty
Package: kvoptions 2016/05/16 v3.12 Key value format for package options (HO)

(/usr/local/texlive/2016/texmf-dist/tex/generic/oberdiek/kvsetkeys.sty
Package: kvsetkeys 2016/05/16 v1.17 Key value parser (HO)

(/usr/local/texlive/2016/texmf-dist/tex/generic/oberdiek/etexcmds.sty
Package: etexcmds 2016/05/16 v1.6 Avoid name clashes with e-TeX commands (HO)
Package etexcmds Info: Could not find \expanded.
(etexcmds)             That can mean that you are not using pdfTeX 1.50 or
(etexcmds)             that some package has redefined \expanded.
(etexcmds)             In the latter case, load this package earlier.
)))
Package grfext Info: Graphics extension search list:
(grfext)             [.png,.pdf,.jpg,.mps,.jpeg,.jbig2,.jb2,.PNG,.PDF,.JPG,.JPE
G,.JBIG2,.JB2,.eps]
(grfext)             \AppendGraphicsExtensions on input line 456.

(/usr/local/texlive/2016/texmf-dist/tex/latex/latexconfig/epstopdf-sys.cfg
File: epstopdf-sys.cfg 2010/07/13 v1.3 Configuration of (r)epstopdf for TeX Liv
e
))
LaTeX Font Info:    External font `cmex10' loaded for size
(Font)              <7> on input line 33.
LaTeX Font Info:    External font `cmex10' loaded for size
(Font)              <5> on input line 33.

[1


{/usr/local/texlive/2016/texmf-var/fonts/map/pdftex/updmap/pdftex.map}]
[2]
\openout2 = `abstract.aux'.

 (./abstract.tex
Missing character: There is no ‚ in font cmss10!
Missing character: There is no Ä in font cmss10!
Missing character: There is no ô in font cmss10!
 [3

]) (./master.toc

LaTeX Font Warning: Font shape `OT1/cmss/m/it' in size <10> not available
(Font)              Font shape `OT1/cmss/m/sl' tried instead on input line 6.

)
\tf@toc=\write3
\openout3 = `master.toc'.

 [4


] (./master.lof)
\tf@lof=\write4
\openout4 = `master.lof'.

 [5

] (./master.lot)
\tf@lot=\write5
\openout5 = `master.lot'.

 [6

]
\openout2 = `introduction.aux'.

 (./introduction.tex
Chapter 1.
[1



]
Missing character: There is no ‚ in font cmss10!
Missing character: There is no Ä in font cmss10!
Missing character: There is no ô in font cmss10!
Missing character: There is no ‚ in font cmss10!
Missing character: There is no Ä in font cmss10!
Missing character: There is no ú in font cmss10!
Missing character: There is no ‚ in font cmss10!
Missing character: There is no Ä in font cmss10!
Missing character: There is no ù in font cmss10!
) [2]
\openout2 = `requirements.aux'.

 (./requirements.tex
Chapter 2.

LaTeX Font Warning: Font shape `OT1/cmss/bx/it' undefined
(Font)              using `OT1/cmss/bx/n' instead on input line 3.

LaTeX Font Info:    Try loading font information for OMS+cmss on input line 5.
LaTeX Font Info:    No file OMScmss.fd. on input line 5.

LaTeX Font Warning: Font shape `OMS/cmss/m/n' undefined
(Font)              using `OMS/cmsy/m/n' instead
(Font)              for symbol `textbullet' on input line 5.

Missing character: There is no ‚ in font cmss10!
Missing character: There is no Ä in font cmss10!
Missing character: There is no ô in font cmss10!
[3



]
Missing character: There is no ‚ in font cmss10!
Missing character: There is no Ä in font cmss10!
Missing character: There is no ô in font cmss10!
LaTeX Font Info:    External font `cmex10' loaded for size
(Font)              <8> on input line 24.
LaTeX Font Info:    External font `cmex10' loaded for size
(Font)              <6> on input line 24.
Missing character: There is no ‚ in font cmss10!
Missing character: There is no Ä in font cmss10!
Missing character: There is no ô in font cmss10!
Missing character: There is no ‚ in font cmss10!
Missing character: There is no Ä in font cmss10!
Missing character: There is no ô in font cmss10!
) [4]
\openout2 = `useCases.aux'.

 (./useCases.tex
Chapter 3.
<useCase.png, id=39, 768.8725pt x 849.1725pt>
File: useCase.png Graphic file (type png)
 <use useCase.png>
Package pdftex.def Info: useCase.png used on input line 6.
(pdftex.def)             Requested size: 307.54355pt x 339.66298pt.
 [5



] [6 <./useCase.png>] [7]) [8]
\openout2 = `activityDiagrams.aux'.

 (./activityDiagrams.tex
Chapter 4.
<activityDiagram.png, id=55, 929.4725pt x 1662.21pt>
File: activityDiagram.png Graphic file (type png)
 <use activityDiagram.png>
Package pdftex.def Info: activityDiagram.png used on input line 6.
(pdftex.def)             Requested size: 278.8439pt x 498.66685pt.
) [9



] [10 <./activityDiagram.png>]
\openout2 = `technologiesUsed.aux'.

 (./technologiesUsed.tex
Chapter 5.
) [11



] [12]
\openout2 = `architectualDiagrams.aux'.

 (./architectualDiagrams.tex
Chapter 6.
<level0.jpg, id=69, 832.10875pt x 306.14375pt>
File: level0.jpg Graphic file (type jpg)
 <use level0.jpg>
Package pdftex.def Info: level0.jpg used on input line 6.
(pdftex.def)             Requested size: 416.05336pt x 153.07149pt.

<level1.jpg, id=70, 572.1375pt x 476.78125pt>
File: level1.jpg Graphic file (type jpg)
 <use level1.jpg>
Package pdftex.def Info: level1.jpg used on input line 13.
(pdftex.def)             Requested size: 343.28514pt x 286.07095pt.
) [13



] [14 <./level0.jpg> <./level1.jpg>]
\openout2 = `designRationale.aux'.

 (./designRationale.tex
Chapter 7.
Missing character: There is no ‚ in font cmss10!
Missing character: There is no Ä in font cmss10!
Missing character: There is no ô in font cmss10!
Missing character: There is no ‚ in font cmss10!
Missing character: There is no Ä in font cmss10!
Missing character: There is no ô in font cmss10!
[15



]
Missing character: There is no ‚ in font cmss10!
Missing character: There is no Ä in font cmss10!
Missing character: There is no ô in font cmss10!
Missing character: There is no ‚ in font cmss10!
Missing character: There is no Ä in font cmss10!
Missing character: There is no ô in font cmss10!
 [16]) [17]
\openout2 = `testPlan.aux'.

 (./testPlan.tex
Chapter 8.
) [18



]
\openout2 = `riskAnalysis.aux'.

 (./riskAnalysis.tex
Chapter 9.

LaTeX Warning: No positions in optional float specifier.
               Default added (so using `tbp') on input line 4.

<riskTable.png, id=90, 615.29875pt x 550.055pt>
File: riskTable.png Graphic file (type png)
 <use riskTable.png>
Package pdftex.def Info: riskTable.png used on input line 8.
(pdftex.def)             Requested size: 492.23967pt x 440.04459pt.

Overfull \hbox (76.80815pt too wide) in paragraph at lines 7--10
[][] 
 []

) [19



] [20 <./riskTable.png>]
\openout2 = `developmentTimeline.aux'.

 (./developmentTimeline.tex
Chapter 10.
<developmentTimeline.png, id=99, 723.1818pt x 253.9086pt>
File: developmentTimeline.png Graphic file (type png)

<use developmentTimeline.png>
Package pdftex.def Info: developmentTimeline.png used on input line 6.
(pdftex.def)             Requested size: 723.18002pt x 253.90797pt.


LaTeX Warning: Float too large for page by 12.665pt on input line 9.

) [21



] [22 <./developmentTimeline.png>] (./master.aux (./abstract.aux)
(./introduction.aux) (./requirements.aux) (./useCases.aux)
(./activityDiagrams.aux) (./technologiesUsed.aux) (./architectualDiagrams.aux)
(./designRationale.aux) (./testPlan.aux) (./riskAnalysis.aux)
(./developmentTimeline.aux))

LaTeX Font Warning: Some font shapes were not available, defaults substituted.


LaTeX Warning: There were multiply-defined labels.

 ) 
Here is how much of TeX's memory you used:
 1924 strings out of 493014
 27915 string characters out of 6133351
 93358 words of memory out of 5000000
 5367 multiletter control sequences out of 15000+600000
 9119 words of font info for 32 fonts, out of 8000000 for 9000
 1141 hyphenation exceptions out of 8191
 37i,12n,25p,1086b,303s stack positions out of 5000i,500n,10000p,200000b,80000s
</usr/local/texlive/2016/texmf-dist/fonts/type1/public/amsfonts/cm/cmss10.pfb
></usr/local/texlive/2016/texmf-dist/fonts/type1/public/amsfonts/cm/cmss8.pfb><
/usr/local/texlive/2016/texmf-dist/fonts/type1/public/amsfonts/cm/cmssbx10.pfb>
</usr/local/texlive/2016/texmf-dist/fonts/type1/public/amsfonts/cm/cmssi10.pfb>
</usr/local/texlive/2016/texmf-dist/fonts/type1/public/amsfonts/cm/cmsy10.pfb>
Output written on master.pdf (28 pages, 443396 bytes).
PDF statistics:
 125 PDF objects out of 1000 (max. 8388607)
 79 compressed objects within 1 object stream
 0 named destinations out of 1000 (max. 500000)
 31 words of extra memory for PDF output out of 10000 (max. 10000000)

